<?xml version="1.0" encoding="UTF-8"?>
<testsuite name="org.zerock.ex2.repository.MemoRepositoryTests" tests="1" skipped="0" failures="0" errors="0" timestamp="2024-07-12T07:16:29" hostname="21-MANIC-014" time="0.59">
  <properties/>
  <testcase name="testDeletQueryMethods()" classname="org.zerock.ex2.repository.MemoRepositoryTests" time="0.59"/>
  <system-out><![CDATA[16:16:26.746 [Test worker] INFO org.springframework.test.context.support.AnnotationConfigContextLoaderUtils -- Could not detect default configuration classes for test class [org.zerock.ex2.repository.MemoRepositoryTests]: MemoRepositoryTests does not declare any static, non-private, non-final, nested classes annotated with @Configuration.
16:16:26.836 [Test worker] INFO org.springframework.boot.test.context.SpringBootTestContextBootstrapper -- Found @SpringBootConfiguration org.zerock.ex2.Ex2Application for test class org.zerock.ex2.repository.MemoRepositoryTests

  .   ____          _            __ _ _
 /\\ / ___'_ __ _ _(_)_ __  __ _ \ \ \ \
( ( )\___ | '_ | '_| | '_ \/ _` | \ \ \ \
 \\/  ___)| |_)| | | | | || (_| |  ) ) ) )
  '  |____| .__|_| |_|_| |_\__, | / / / /
 =========|_|==============|___/=/_/_/_/

 :: Spring Boot ::                (v3.3.1)

2024-07-12T16:16:27.130+09:00  INFO 18836 --- [ex2] [    Test worker] o.z.ex2.repository.MemoRepositoryTests   : Starting MemoRepositoryTests using Java 17.0.8 with PID 18836 (started by 21-manic-014g in D:\workspring\ex2)
2024-07-12T16:16:27.132+09:00  INFO 18836 --- [ex2] [    Test worker] o.z.ex2.repository.MemoRepositoryTests   : No active profile set, falling back to 1 default profile: "default"
2024-07-12T16:16:27.582+09:00  INFO 18836 --- [ex2] [    Test worker] .s.d.r.c.RepositoryConfigurationDelegate : Bootstrapping Spring Data JPA repositories in DEFAULT mode.
2024-07-12T16:16:27.628+09:00  INFO 18836 --- [ex2] [    Test worker] .s.d.r.c.RepositoryConfigurationDelegate : Finished Spring Data repository scanning in 38 ms. Found 1 JPA repository interface.
2024-07-12T16:16:27.993+09:00  INFO 18836 --- [ex2] [    Test worker] o.hibernate.jpa.internal.util.LogHelper  : HHH000204: Processing PersistenceUnitInfo [name: default]
2024-07-12T16:16:28.047+09:00  INFO 18836 --- [ex2] [    Test worker] org.hibernate.Version                    : HHH000412: Hibernate ORM core version 6.5.2.Final
2024-07-12T16:16:28.082+09:00  INFO 18836 --- [ex2] [    Test worker] o.h.c.internal.RegionFactoryInitiator    : HHH000026: Second-level cache disabled
2024-07-12T16:16:28.355+09:00  INFO 18836 --- [ex2] [    Test worker] o.s.o.j.p.SpringPersistenceUnitInfo      : No LoadTimeWeaver setup: ignoring JPA class transformer
2024-07-12T16:16:28.378+09:00  INFO 18836 --- [ex2] [    Test worker] com.zaxxer.hikari.HikariDataSource       : HikariPool-1 - Starting...
2024-07-12T16:16:28.456+09:00  INFO 18836 --- [ex2] [    Test worker] com.zaxxer.hikari.pool.HikariPool        : HikariPool-1 - Added connection org.mariadb.jdbc.Connection@481ed95c
2024-07-12T16:16:28.458+09:00  INFO 18836 --- [ex2] [    Test worker] com.zaxxer.hikari.HikariDataSource       : HikariPool-1 - Start completed.
2024-07-12T16:16:29.158+09:00  INFO 18836 --- [ex2] [    Test worker] o.h.e.t.j.p.i.JtaPlatformInitiator       : HHH000489: No JTA platform available (set 'hibernate.transaction.jta.platform' to enable JTA platform integration)
2024-07-12T16:16:29.186+09:00  INFO 18836 --- [ex2] [    Test worker] j.LocalContainerEntityManagerFactoryBean : Initialized JPA EntityManagerFactory for persistence unit 'default'
2024-07-12T16:16:29.299+09:00  WARN 18836 --- [ex2] [    Test worker] JpaBaseConfiguration$JpaWebConfiguration : spring.jpa.open-in-view is enabled by default. Therefore, database queries may be performed during view rendering. Explicitly configure spring.jpa.open-in-view to disable this warning
2024-07-12T16:16:29.840+09:00  INFO 18836 --- [ex2] [    Test worker] o.z.ex2.repository.MemoRepositoryTests   : Started MemoRepositoryTests in 2.888 seconds (process running for 3.837)
Hibernate: 
    select
        m1_0.mno,
        m1_0.memo_text 
    from
        tbl_memo m1_0 
    where
        m1_0.mno<?
Hibernate: 
    delete 
    from
        tbl_memo 
    where
        mno=?
Hibernate: 
    delete 
    from
        tbl_memo 
    where
        mno=?
Hibernate: 
    delete 
    from
        tbl_memo 
    where
        mno=?
Hibernate: 
    delete 
    from
        tbl_memo 
    where
        mno=?
Hibernate: 
    delete 
    from
        tbl_memo 
    where
        mno=?
Hibernate: 
    delete 
    from
        tbl_memo 
    where
        mno=?
Hibernate: 
    delete 
    from
        tbl_memo 
    where
        mno=?
Hibernate: 
    delete 
    from
        tbl_memo 
    where
        mno=?
Hibernate: 
    delete 
    from
        tbl_memo 
    where
        mno=?
]]></system-out>
  <system-err><![CDATA[]]></system-err>
</testsuite>
